# ssearch36 -z 11 -k 1000 -E 0.001 -m 8C hazel.faa hazel.faa
# SSEARCH 36.3.8h Aug, 2019
# Query: 2.A.123.1.10-O45102  - 299 aa
# Database: hazel.faa
# Fields: query id, subject id, % identity, alignment length, mismatches, gap opens, q. start, q. end, s. start, s. end, evalue, bit score
# 7 hits found
2.A.123.1.10-O45102	2.A.123.1.10-O45102	100.00	299	0	0	1	299	1	299	4.8e-148	509.4
2.A.123.1.10-O45102	2.A.123.1.11-F6U696	29.80	198	139	12	1	202	1	206	2.2e-24	98.1
2.A.123.1.10-O45102	2.A.123.1.21-XP_020105579	31.84	267	182	28	20	299	313	594	3.6e-24	99.2
2.A.123.1.10-O45102	2.A.123.1.21-XP_020105579	26.53	196	144	12	3	199	5	211	4.1e-19	82.4
2.A.123.1.10-O45102	2.A.123.1.17-O96245	29.44	248	175	26	6	270	384	640	3.4e-21	89.2
2.A.123.1.10-O45102	2.A.123.1.22-H3GD93	25.89	197	146	20	11	210	828	1041	5.9e-13	62.5
2.A.123.1.10-O45102	2.A.123.1.22-H3GD93	28.35	194	139	17	5	201	255	462	3.4e-12	60.0
2.A.123.1.10-O45102	2.A.123.1.22-H3GD93	25.83	240	178	17	6	249	528	780	4.8e-11	56.2
2.A.123.1.10-O45102	2.A.123.1.22-H3GD93	25.84	209	155	20	5	220	6	227	9.7e-10	51.8
2.A.123.1.10-O45102	2.A.123.1.15-B7FP68	30.97	113	78	5	122	236	245	360	6.7e-09	47.5
2.A.123.1.10-O45102	2.A.123.1.25-F0T9U2	22.78	79	61	0	119	197	6	84	0.00018	30.7
# SSEARCH 36.3.8h Aug, 2019
# Query: 2.A.123.1.11-F6U696  - 215 aa
# Database: hazel.faa
# Fields: query id, subject id, % identity, alignment length, mismatches, gap opens, q. start, q. end, s. start, s. end, evalue, bit score
# 7 hits found
2.A.123.1.11-F6U696	2.A.123.1.11-F6U696	100.00	215	0	0	1	215	1	215	2.4e-103	360.0
2.A.123.1.11-F6U696	2.A.123.1.10-O45102	29.80	198	139	12	1	206	1	202	5.7e-24	96.8
2.A.123.1.11-F6U696	2.A.123.1.17-O96245	29.84	191	134	4	14	205	389	582	3.1e-19	82.2
2.A.123.1.11-F6U696	2.A.123.1.21-XP_020105579	26.32	190	140	15	16	209	18	218	1.2e-16	73.7
2.A.123.1.11-F6U696	2.A.123.1.21-XP_020105579	22.96	196	151	6	14	209	306	507	7.7e-15	67.7
2.A.123.1.11-F6U696	2.A.123.1.22-H3GD93	26.34	186	137	10	5	193	824	1016	7.7e-13	61.7
2.A.123.1.11-F6U696	2.A.123.1.22-H3GD93	25.24	210	157	12	2	214	5	223	3.7e-12	59.4
2.A.123.1.11-F6U696	2.A.123.1.22-H3GD93	25.99	177	131	18	31	212	553	742	5.9e-11	55.4
2.A.123.1.11-F6U696	2.A.123.1.22-H3GD93	21.13	194	153	12	17	212	267	470	3.8e-09	49.4
2.A.123.1.11-F6U696	2.A.123.1.25-F0T9U2	29.07	86	61	0	120	205	3	88	2.1e-09	46.6
2.A.123.1.11-F6U696	2.A.123.1.15-B7FP68	29.27	82	58	0	125	206	244	325	6.3e-09	47.1
# SSEARCH 36.3.8h Aug, 2019
# Query: 2.A.123.1.15-B7FP68  - 375 aa
# Database: hazel.faa
# Fields: query id, subject id, % identity, alignment length, mismatches, gap opens, q. start, q. end, s. start, s. end, evalue, bit score
# 7 hits found
2.A.123.1.15-B7FP68	2.A.123.1.15-B7FP68	100.00	375	0	0	1	375	1	375	6.1e-174	596.1
2.A.123.1.15-B7FP68	2.A.123.1.22-H3GD93	31.76	148	101	18	187	348	598	749	3.5e-11	57.0
2.A.123.1.15-B7FP68	2.A.123.1.22-H3GD93	22.85	302	233	41	13	324	130	462	1.2e-08	48.5
2.A.123.1.15-B7FP68	2.A.123.1.22-H3GD93	29.86	144	101	18	210	360	910	1064	2.8e-05	37.4
2.A.123.1.15-B7FP68	2.A.123.1.17-O96245	27.56	127	92	3	235	361	493	622	7e-11	55.3
2.A.123.1.15-B7FP68	2.A.123.1.21-XP_020105579	36.73	98	62	2	225	324	116	213	2.4e-10	53.6
2.A.123.1.15-B7FP68	2.A.123.1.21-XP_020105579	30.71	127	88	6	225	353	405	535	3.5e-09	49.7
2.A.123.1.15-B7FP68	2.A.123.1.11-F6U696	29.27	82	58	0	244	325	125	206	1.5e-08	45.8
2.A.123.1.15-B7FP68	2.A.123.1.10-O45102	28.95	114	81	3	245	360	122	236	2.5e-08	45.6
2.A.123.1.15-B7FP68	2.A.123.1.25-F0T9U2	25.71	70	52	0	244	313	8	77	0.00015	31.3
# SSEARCH 36.3.8h Aug, 2019
# Query: 2.A.123.1.17-O96245  - 686 aa
# Database: hazel.faa
# Fields: query id, subject id, % identity, alignment length, mismatches, gap opens, q. start, q. end, s. start, s. end, evalue, bit score
# 8 hits found
2.A.123.1.17-O96245	2.A.123.1.17-O96245	100.00	686	0	0	1	686	1	686	0	1190.9
2.A.123.1.17-O96245	2.A.123.1.10-O45102	29.55	247	174	28	384	640	6	270	8.3e-23	94.6
2.A.123.1.17-O96245	2.A.123.1.11-F6U696	29.84	191	134	4	389	582	14	205	4.4e-21	88.4
2.A.123.1.17-O96245	2.A.123.1.21-XP_020105579	26.02	196	145	8	401	600	318	517	1.7e-17	78.2
2.A.123.1.17-O96245	2.A.123.1.21-XP_020105579	28.80	191	136	12	389	582	14	213	3e-17	77.4
2.A.123.1.17-O96245	2.A.123.1.22-H3GD93	26.99	226	165	21	374	607	818	1056	3e-16	74.7
2.A.123.1.17-O96245	2.A.123.1.22-H3GD93	27.15	221	161	16	377	601	252	484	1.1e-15	72.8
2.A.123.1.17-O96245	2.A.123.1.22-H3GD93	27.63	257	186	27	353	612	489	769	3.2e-14	67.9
2.A.123.1.17-O96245	2.A.123.1.22-H3GD93	24.87	197	148	21	381	585	7	216	1.3e-09	52.6
2.A.123.1.17-O96245	2.A.123.1.15-B7FP68	27.56	127	92	3	493	622	235	361	1.2e-12	61.2
2.A.123.1.17-O96245	2.A.123.2.13-I3IJ02	30.87	149	103	9	386	534	5	162	2.1e-08	48.0
2.A.123.1.17-O96245	2.A.123.1.25-F0T9U2	32.43	74	50	5	389	462	9	87	4.2e-08	44.0
# SSEARCH 36.3.8h Aug, 2019
# Query: 2.A.123.1.21-XP_020105579  - 709 aa
# Database: hazel.faa
# Fields: query id, subject id, % identity, alignment length, mismatches, gap opens, q. start, q. end, s. start, s. end, evalue, bit score
# 7 hits found
2.A.123.1.21-XP_020105579	2.A.123.1.21-XP_020105579	100.00	709	0	0	1	709	1	709	0	1185.1
2.A.123.1.21-XP_020105579	2.A.123.1.22-H3GD93	27.78	540	390	47	1	563	522	1085	1.3e-35	139.1
2.A.123.1.21-XP_020105579	2.A.123.1.22-H3GD93	27.94	494	356	72	5	550	4	517	3e-31	124.6
2.A.123.1.21-XP_020105579	2.A.123.1.10-O45102	31.84	267	182	28	312	594	21	299	7.9e-24	98.0
2.A.123.1.21-XP_020105579	2.A.123.1.11-F6U696	24.87	193	145	9	18	218	16	209	9.9e-17	74.0
2.A.123.1.21-XP_020105579	2.A.123.1.17-O96245	26.02	196	145	8	318	517	401	600	6.3e-16	73.0
2.A.123.1.21-XP_020105579	2.A.123.1.15-B7FP68	36.73	98	62	2	116	213	225	324	6.5e-11	55.4
2.A.123.1.21-XP_020105579	2.A.123.1.25-F0T9U2	30.56	72	50	0	133	204	8	79	7.3e-07	39.9
# SSEARCH 36.3.8h Aug, 2019
# Query: 2.A.123.1.22-H3GD93  - 1089 aa
# Database: hazel.faa
# Fields: query id, subject id, % identity, alignment length, mismatches, gap opens, q. start, q. end, s. start, s. end, evalue, bit score
# 7 hits found
2.A.123.1.22-H3GD93	2.A.123.1.22-H3GD93	100.00	1089	0	0	1	1089	1	1089	0	1511.4
2.A.123.1.22-H3GD93	2.A.123.1.21-XP_020105579	27.78	540	390	47	522	1085	1	563	2.2e-29	118.3
2.A.123.1.22-H3GD93	2.A.123.1.17-O96245	25.66	226	168	21	818	1056	374	607	5.8e-12	60.4
2.A.123.1.22-H3GD93	2.A.123.1.11-F6U696	26.34	186	137	10	824	1016	5	193	1.6e-10	53.9
2.A.123.1.22-H3GD93	2.A.123.1.10-O45102	25.89	197	146	20	828	1041	11	210	2.2e-10	53.9
2.A.123.1.22-H3GD93	2.A.123.1.15-B7FP68	30.20	149	104	16	598	749	187	348	1.6e-09	51.4
2.A.123.1.22-H3GD93	2.A.123.1.25-F0T9U2	27.50	80	58	3	827	908	8	88	0.00023	32.2
# SSEARCH 36.3.8h Aug, 2019
# Query: 2.A.123.1.25-F0T9U2  - 89 aa
# Database: hazel.faa
# Fields: query id, subject id, % identity, alignment length, mismatches, gap opens, q. start, q. end, s. start, s. end, evalue, bit score
# 8 hits found
2.A.123.1.25-F0T9U2	2.A.123.1.25-F0T9U2	100.00	89	0	0	1	89	1	89	6.8e-51	183.2
2.A.123.1.25-F0T9U2	2.A.123.1.11-F6U696	29.07	86	61	0	3	88	120	205	1e-11	54.3
2.A.123.1.25-F0T9U2	2.A.123.1.11-F6U696	25.68	74	55	1	11	84	10	84	3.4e-05	32.7
2.A.123.1.25-F0T9U2	2.A.123.1.17-O96245	32.43	74	50	5	9	87	389	462	4.3e-09	47.3
2.A.123.1.25-F0T9U2	2.A.123.1.17-O96245	26.14	88	65	1	1	88	494	582	3.5e-08	44.2
2.A.123.1.25-F0T9U2	2.A.123.1.21-XP_020105579	30.56	72	50	0	8	79	133	204	1.3e-08	45.8
2.A.123.1.25-F0T9U2	2.A.123.1.21-XP_020105579	27.85	79	57	2	9	89	425	503	5.5e-08	43.6
2.A.123.1.25-F0T9U2	2.A.123.1.21-XP_020105579	32.47	77	52	4	1	77	2	82	1.6e-07	42.1
2.A.123.1.25-F0T9U2	2.A.123.1.22-H3GD93	27.50	80	58	3	8	88	827	908	5.7e-07	40.9
2.A.123.1.25-F0T9U2	2.A.123.1.22-H3GD93	24.66	73	55	0	9	81	655	727	3.9e-05	34.8
2.A.123.1.25-F0T9U2	2.A.123.1.15-B7FP68	25.71	70	52	0	8	77	244	313	3.8e-06	36.6
2.A.123.1.25-F0T9U2	2.A.123.1.10-O45102	22.78	79	61	0	6	84	119	197	1.3e-05	34.5
2.A.123.1.25-F0T9U2	2.A.123.2.10-G5AIC0	28.40	81	58	3	5	88	4	84	0.00038	28.4
# SSEARCH 36.3.8h Aug, 2019
# Query: 2.A.123.2.10-G5AIC0  - 125 aa
# Database: hazel.faa
# Fields: query id, subject id, % identity, alignment length, mismatches, gap opens, q. start, q. end, s. start, s. end, evalue, bit score
# 2 hits found
2.A.123.2.10-G5AIC0	2.A.123.2.10-G5AIC0	100.00	125	0	0	1	125	1	125	6e-61	217.6
2.A.123.2.10-G5AIC0	2.A.123.1.22-H3GD93	21.18	85	67	1	3	87	826	911	0.00083	30.9
# SSEARCH 36.3.8h Aug, 2019
# Query: 2.A.123.2.13-I3IJ02  - 728 aa
# Database: hazel.faa
# Fields: query id, subject id, % identity, alignment length, mismatches, gap opens, q. start, q. end, s. start, s. end, evalue, bit score
# 3 hits found
2.A.123.2.13-I3IJ02	2.A.123.2.13-I3IJ02	100.00	728	0	0	1	728	1	728	0	1230.0
2.A.123.2.13-I3IJ02	2.A.123.1.17-O96245	30.87	149	103	9	5	162	386	534	8.3e-08	46.0
2.A.123.2.13-I3IJ02	2.A.123.1.22-H3GD93	26.25	80	59	3	6	85	655	737	0.00031	34.8
# SSEARCH 36.3.8h Aug, 2019
# Query: 2.A.123.5.1-TVR12555  - 208 aa
# Database: hazel.faa
# Fields: query id, subject id, % identity, alignment length, mismatches, gap opens, q. start, q. end, s. start, s. end, evalue, bit score
# 3 hits found
2.A.123.5.1-TVR12555	2.A.123.5.1-TVR12555	100.00	208	0	0	1	208	1	208	1.6e-107	373.8
2.A.123.5.1-TVR12555	2.A.123.5.3-HBO53820	34.01	197	130	3	8	206	5	202	3.3e-28	110.3
2.A.123.5.1-TVR12555	2.A.123.5.2-WP_130011376	31.89	185	126	7	8	195	5	193	2.5e-25	100.7
# SSEARCH 36.3.8h Aug, 2019
# Query: 2.A.123.5.2-WP_130011376  - 207 aa
# Database: hazel.faa
# Fields: query id, subject id, % identity, alignment length, mismatches, gap opens, q. start, q. end, s. start, s. end, evalue, bit score
# 3 hits found
2.A.123.5.2-WP_130011376	2.A.123.5.2-WP_130011376	100.00	207	0	0	1	207	1	207	3.4e-102	356.0
2.A.123.5.2-WP_130011376	2.A.123.5.3-HBO53820	36.04	197	126	11	1	203	1	202	8.7e-27	105.5
2.A.123.5.2-WP_130011376	2.A.123.5.1-TVR12555	31.89	185	126	7	5	193	8	195	6.7e-23	92.6
# SSEARCH 36.3.8h Aug, 2019
# Query: 2.A.123.5.3-HBO53820  - 204 aa
# Database: hazel.faa
# Fields: query id, subject id, % identity, alignment length, mismatches, gap opens, q. start, q. end, s. start, s. end, evalue, bit score
# 3 hits found
2.A.123.5.3-HBO53820	2.A.123.5.3-HBO53820	100.00	204	0	0	1	204	1	204	6.8e-93	325.1
2.A.123.5.3-HBO53820	2.A.123.5.2-WP_130011376	35.53	197	127	11	1	202	1	203	4.2e-26	103.3
2.A.123.5.3-HBO53820	2.A.123.5.1-TVR12555	34.01	197	130	3	5	202	8	206	7.4e-25	99.1
# SSEARCH processed 12 queries
